SOIL.lib(SOIL.obj) : warning LNK4075: se omite '/EDITANDCONTINUE' debido a la especificación '/OPT:ICF'
LINK : warning LNK4098: la biblioteca predeterminada'MSVCRTD' entra en conflicto con otras bibliotecas; use la biblioteca /NODEFAULTLIB:biblioteca
  Generando código
  Previous IPDB not found, fall back to full compilation.
C:\2DGAME\2DVideogame\2DVideogame\Sprite.cpp(98): warning C4723: posible división por 0
C:\2DGAME\2DVideogame\2DVideogame\Sprite.cpp(98): warning C4723: posible división por 0
C:\2DGAME\2DVideogame\2DVideogame\Sprite.cpp(98): warning C4723: posible división por 0
C:\2DGAME\2DVideogame\2DVideogame\Sprite.cpp(98): warning C4723: posible división por 0
C:\2DGAME\2DVideogame\2DVideogame\Sprite.cpp(98): warning C4723: posible división por 0
C:\2DGAME\2DVideogame\2DVideogame\Sprite.cpp(98): warning C4723: posible división por 0
C:\2DGAME\2DVideogame\2DVideogame\Sprite.cpp(98): warning C4723: posible división por 0
C:\2DGAME\2DVideogame\2DVideogame\Sprite.cpp(98): warning C4723: posible división por 0
C:\2DGAME\2DVideogame\2DVideogame\Sprite.cpp(98): warning C4723: posible división por 0
C:\2DGAME\2DVideogame\2DVideogame\Sprite.cpp(98): warning C4723: posible división por 0
C:\2DGAME\2DVideogame\2DVideogame\Sprite.cpp(98): warning C4723: posible división por 0
C:\2DGAME\2DVideogame\2DVideogame\Sprite.cpp(98): warning C4723: posible división por 0
C:\2DGAME\2DVideogame\2DVideogame\Sprite.cpp(98): warning C4723: posible división por 0
C:\2DGAME\2DVideogame\2DVideogame\Sprite.cpp(98): warning C4723: posible división por 0
C:\2DGAME\2DVideogame\2DVideogame\Sprite.cpp(98): warning C4723: posible división por 0
C:\2DGAME\2DVideogame\2DVideogame\Sprite.cpp(98): warning C4723: posible división por 0
C:\2DGAME\2DVideogame\2DVideogame\Sprite.cpp(98): warning C4723: posible división por 0
C:\2DGAME\2DVideogame\2DVideogame\Sprite.cpp(98): warning C4723: posible división por 0
  All 1070 functions were compiled because no usable IPDB/IOBJ from previous compilation was found.
  Generación de código finalizada
SOIL.lib(image_DXT.obj) : warning LNK4099: no se encontró PDB '' con 'SOIL.lib(image_DXT.obj)' o en ''; se vinculará el objeto sin tener en cuenta información de depuración
SOIL.lib(image_helper.obj) : warning LNK4099: no se encontró PDB '' con 'SOIL.lib(image_helper.obj)' o en ''; se vinculará el objeto sin tener en cuenta información de depuración
SOIL.lib(SOIL.obj) : warning LNK4099: no se encontró PDB '' con 'SOIL.lib(SOIL.obj)' o en ''; se vinculará el objeto sin tener en cuenta información de depuración
SOIL.lib(stb_image_aug.obj) : warning LNK4099: no se encontró PDB '' con 'SOIL.lib(stb_image_aug.obj)' o en ''; se vinculará el objeto sin tener en cuenta información de depuración
  2DVideogame.vcxproj -> C:\2DGAME\2DVideogame\Release\2DVideogame.exe
