  Game.cpp
  InstructionsMenu.cpp
  MenuScene.cpp
C:\2DGAME\2DVideogame\2DVideogame\MenuScene.cpp(155,106): warning C4305: 'argumento': truncamiento de 'double' a 'GLfloat'
C:\2DGAME\2DVideogame\2DVideogame\MenuScene.cpp(156,102): warning C4305: 'argumento': truncamiento de 'double' a 'GLfloat'
C:\2DGAME\2DVideogame\2DVideogame\MenuScene.cpp(156,49): warning C4305: 'argumento': truncamiento de 'double' a 'GLfloat'
C:\2DGAME\2DVideogame\2DVideogame\MenuScene.cpp(165,76): warning C4305: 'argumento': truncamiento de 'double' a 'GLfloat'
C:\2DGAME\2DVideogame\2DVideogame\MenuScene.cpp(165,56): warning C4305: 'argumento': truncamiento de 'double' a 'GLfloat'
C:\2DGAME\2DVideogame\2DVideogame\MenuScene.cpp(166,76): warning C4305: 'argumento': truncamiento de 'double' a 'GLfloat'
C:\2DGAME\2DVideogame\2DVideogame\MenuScene.cpp(166,56): warning C4305: 'argumento': truncamiento de 'double' a 'GLfloat'
  Player.cpp
C:\2DGAME\2DVideogame\2DVideogame\Player.cpp(256,39): warning C4244: 'argumento': conversión de 'const _Ty' a 'int'; posible pérdida de datos
C:\2DGAME\2DVideogame\2DVideogame\Player.cpp(256,39): warning C4244:         with
C:\2DGAME\2DVideogame\2DVideogame\Player.cpp(256,39): warning C4244:         [
C:\2DGAME\2DVideogame\2DVideogame\Player.cpp(256,39): warning C4244:             _Ty=float
C:\2DGAME\2DVideogame\2DVideogame\Player.cpp(256,39): warning C4244:         ]
C:\2DGAME\2DVideogame\2DVideogame\Player.cpp(278,39): warning C4244: 'argumento': conversión de 'const _Ty' a 'int'; posible pérdida de datos
C:\2DGAME\2DVideogame\2DVideogame\Player.cpp(278,39): warning C4244:         with
C:\2DGAME\2DVideogame\2DVideogame\Player.cpp(278,39): warning C4244:         [
C:\2DGAME\2DVideogame\2DVideogame\Player.cpp(278,39): warning C4244:             _Ty=float
C:\2DGAME\2DVideogame\2DVideogame\Player.cpp(278,39): warning C4244:         ]
C:\2DGAME\2DVideogame\2DVideogame\Player.cpp(551,44): warning C4244: 'argumento': conversión de 'const _Ty' a 'int'; posible pérdida de datos
C:\2DGAME\2DVideogame\2DVideogame\Player.cpp(551,44): warning C4244:         with
C:\2DGAME\2DVideogame\2DVideogame\Player.cpp(551,44): warning C4244:         [
C:\2DGAME\2DVideogame\2DVideogame\Player.cpp(551,44): warning C4244:             _Ty=float
C:\2DGAME\2DVideogame\2DVideogame\Player.cpp(551,44): warning C4244:         ]
C:\2DGAME\2DVideogame\2DVideogame\Player.cpp(574,44): warning C4244: 'argumento': conversión de 'const _Ty' a 'int'; posible pérdida de datos
C:\2DGAME\2DVideogame\2DVideogame\Player.cpp(574,44): warning C4244:         with
C:\2DGAME\2DVideogame\2DVideogame\Player.cpp(574,44): warning C4244:         [
C:\2DGAME\2DVideogame\2DVideogame\Player.cpp(574,44): warning C4244:             _Ty=float
C:\2DGAME\2DVideogame\2DVideogame\Player.cpp(574,44): warning C4244:         ]
  Scene.cpp
C:\2DGAME\2DVideogame\2DVideogame\Scene.cpp(238,31): warning C4244: '=': conversión de 'int' a 'T'; posible pérdida de datos
C:\2DGAME\2DVideogame\2DVideogame\Scene.cpp(238,31): warning C4244:         with
C:\2DGAME\2DVideogame\2DVideogame\Scene.cpp(238,31): warning C4244:         [
C:\2DGAME\2DVideogame\2DVideogame\Scene.cpp(238,31): warning C4244:             T=float
C:\2DGAME\2DVideogame\2DVideogame\Scene.cpp(238,31): warning C4244:         ]
C:\2DGAME\2DVideogame\2DVideogame\Scene.cpp(246,25): warning C4244: '=': conversión de 'int' a 'T'; posible pérdida de datos
C:\2DGAME\2DVideogame\2DVideogame\Scene.cpp(246,25): warning C4244:         with
C:\2DGAME\2DVideogame\2DVideogame\Scene.cpp(246,25): warning C4244:         [
C:\2DGAME\2DVideogame\2DVideogame\Scene.cpp(246,25): warning C4244:             T=float
C:\2DGAME\2DVideogame\2DVideogame\Scene.cpp(246,25): warning C4244:         ]
C:\2DGAME\2DVideogame\2DVideogame\Scene.cpp(253,25): warning C4244: '=': conversión de 'int' a 'T'; posible pérdida de datos
C:\2DGAME\2DVideogame\2DVideogame\Scene.cpp(253,25): warning C4244:         with
C:\2DGAME\2DVideogame\2DVideogame\Scene.cpp(253,25): warning C4244:         [
C:\2DGAME\2DVideogame\2DVideogame\Scene.cpp(253,25): warning C4244:             T=float
C:\2DGAME\2DVideogame\2DVideogame\Scene.cpp(253,25): warning C4244:         ]
C:\2DGAME\2DVideogame\2DVideogame\Scene.cpp(264,22): warning C4244: 'return': conversión de 'T' a 'int'; posible pérdida de datos
C:\2DGAME\2DVideogame\2DVideogame\Scene.cpp(264,22): warning C4244:         with
C:\2DGAME\2DVideogame\2DVideogame\Scene.cpp(264,22): warning C4244:         [
C:\2DGAME\2DVideogame\2DVideogame\Scene.cpp(264,22): warning C4244:             T=float
C:\2DGAME\2DVideogame\2DVideogame\Scene.cpp(264,22): warning C4244:         ]
  SpiderEnemy.cpp
  TileMap.cpp
  TreeEnemy.cpp
  main.cpp
  Generando código...
  LINK : no se encontró C:\2DGAME\2DVideogame\Debug\2DVideogame.exe o no lo generó el último vínculo incremental; ejecutando vínculo completo
LINK : warning LNK4098: la biblioteca predeterminada'MSVCRT' entra en conflicto con otras bibliotecas; use la biblioteca /NODEFAULTLIB:biblioteca
SOIL.lib(image_DXT.obj) : warning LNK4099: no se encontró PDB '' con 'SOIL.lib(image_DXT.obj)' o en ''; se vinculará el objeto sin tener en cuenta información de depuración
SOIL.lib(image_helper.obj) : warning LNK4099: no se encontró PDB '' con 'SOIL.lib(image_helper.obj)' o en ''; se vinculará el objeto sin tener en cuenta información de depuración
SOIL.lib(SOIL.obj) : warning LNK4099: no se encontró PDB '' con 'SOIL.lib(SOIL.obj)' o en ''; se vinculará el objeto sin tener en cuenta información de depuración
SOIL.lib(stb_image_aug.obj) : warning LNK4099: no se encontró PDB '' con 'SOIL.lib(stb_image_aug.obj)' o en ''; se vinculará el objeto sin tener en cuenta información de depuración
  2DVideogame.vcxproj -> C:\2DGAME\2DVideogame\Debug\2DVideogame.exe
